<?xml version="1.0" encoding="UTF-8"?>
<testng-results ignored="0" total="1" passed="1" failed="0" skipped="0">
  <reporter-output>
  </reporter-output>
  <suite started-at="2022-02-25T06:40:47Z" name="Default suite" finished-at="2022-02-25T06:41:10Z" duration-ms="22181">
    <groups>
    </groups>
    <test started-at="2022-02-25T06:40:47Z" name="Default test" finished-at="2022-02-25T06:41:10Z" duration-ms="22181">
      <class name="dipak.navale.radiobutton">
        <test-method signature="radbutton()[pri:0, instance:dipak.navale.radiobutton@53251a66]" started-at="2022-02-25T06:40:47Z" name="radbutton" finished-at="2022-02-25T06:41:10Z" duration-ms="22068" status="PASS">
          <reporter-output>
          </reporter-output>
        </test-method> <!-- radbutton -->
      </class> <!-- dipak.navale.radiobutton -->
    </test> <!-- Default test -->
  </suite> <!-- Default suite -->
</testng-results>
